#
# A fatal error has been detected by the Java Runtime Environment:
#
#  EXCEPTION_ACCESS_VIOLATION (0xc0000005) at pc=0x0000000065586ff0, pid=11440, tid=0x00000000000015d4
#
# JRE version: Java(TM) SE Runtime Environment (8.0_121-b13) (build 1.8.0_121-b13)
# Java VM: Java HotSpot(TM) 64-Bit Server VM (25.121-b13 mixed mode windows-amd64 compressed oops)
# Problematic frame:
# C  [gdx64.dll+0x6ff0]
#
# Failed to write core dump. Minidumps are not enabled by default on client versions of Windows
#
# If you would like to submit a bug report, please visit:
#   http://bugreport.java.com/bugreport/crash.jsp
# The crash happened outside the Java Virtual Machine in native code.
# See problematic frame for where to report the bug.
#

---------------  T H R E A D  ---------------

Current thread (0x000000001709e800):  JavaThread "LWJGL Application" [_thread_in_native, id=5588, stack(0x0000000017df0000,0x0000000017ef0000)]

siginfo: ExceptionCode=0xc0000005, reading address 0x0000000018236e6c

Registers:
RAX=0x0000000065586ff0, RBX=0x0000000000f6d640, RCX=0x0000000018236e6c, RDX=0xfffffffffffbfb68
RSP=0x0000000017eeedc8, RBP=0x0000000017eeee90, RSI=0x0000000000000010, RDI=0x0000000000f6d640
R8 =0x00000000655d2af0, R9 =0x0000000000000002, R10=0x0000000000000003, R11=0x0000000000000074
R12=0x0000000000000000, R13=0x0000000000041730, R14=0x0000000017eeee78, R15=0x000000001709e800
RIP=0x0000000065586ff0, EFLAGS=0x0000000000010217

Top of Stack: (sp=0x0000000017eeedc8)
0x0000000017eeedc8:   0000000065591fd2 0000000000000000
0x0000000017eeedd8:   0000000003063c44 0000000000000004
0x0000000017eeede8:   0000000073fd53e8 00000000195b2f2c
0x0000000017eeedf8:   0000000000000000 0000000000000010
0x0000000017eeee08:   0000000000f6d640 0000000017eeee90
0x0000000017eeee18:   0000000003019547 0000000000000000
0x0000000017eeee28:   3f80000000000000 00000000000001e0
0x0000000017eeee38:   0000000019558c88 0000000000000010
0x0000000017eeee48:   0000000000000000 00000000196ebda0
0x0000000017eeee58:   0000000017eeef59 0000000000000000
0x0000000017eeee68:   0000000003092f04 00000000ee1507f0
0x0000000017eeee78:   00000000edcc9810 00000000ee150810
0x0000000017eeee88:   0000000000000000 0000000000000000
0x0000000017eeee98:   000000000315ea7c 0000000000000000
0x0000000017eeeea8:   0000000073fd46fe 0000000000000270
0x0000000017eeeeb8:   0000000000000009 0000000000000001 

Instructions: (pc=0x0000000065586ff0)
0x0000000065586fd0:   0f b6 01 c3 66 66 66 2e 0f 1f 84 00 00 00 00 00
0x0000000065586fe0:   0f b6 01 0f b6 51 01 c1 e0 08 09 d0 c3 0f 1f 00
0x0000000065586ff0:   0f b6 01 0f b6 51 01 c1 e0 10 c1 e2 08 09 d0 0f
0x0000000065587000:   b6 51 02 09 d0 c3 66 2e 0f 1f 84 00 00 00 00 00 


Register to memory mapping:

RAX=0x0000000065586ff0 is an unknown value
RBX=0x0000000000f6d640 is an unknown value
RCX=0x0000000018236e6c is an unknown value
RDX=0xfffffffffffbfb68 is an unknown value
RSP=0x0000000017eeedc8 is pointing into the stack for thread: 0x000000001709e800
RBP=0x0000000017eeee90 is pointing into the stack for thread: 0x000000001709e800
RSI=0x0000000000000010 is an unknown value
RDI=0x0000000000f6d640 is an unknown value
R8 =0x00000000655d2af0 is an unknown value
R9 =0x0000000000000002 is an unknown value
R10=0x0000000000000003 is an unknown value
R11=0x0000000000000074 is an unknown value
R12=0x0000000000000000 is an unknown value
R13=0x0000000000041730 is an unknown value
R14=0x0000000017eeee78 is pointing into the stack for thread: 0x000000001709e800
R15=0x000000001709e800 is a thread


Stack: [0x0000000017df0000,0x0000000017ef0000],  sp=0x0000000017eeedc8,  free space=1019k
Native frames: (J=compiled Java code, j=interpreted, Vv=VM code, C=native code)
C  [gdx64.dll+0x6ff0]
C  [gdx64.dll+0x11fd2]
C  0x0000000003019547

Java frames: (J=compiled Java code, j=interpreted, Vv=VM code)
J 657  com.badlogic.gdx.graphics.g2d.Gdx2DPixmap.getPixel(JII)I (0 bytes) @ 0x00000000030194c9 [0x0000000003019480+0x49]
J 1056 C1 com.platform.Player.handleMovement()V (950 bytes) @ 0x000000000315ea7c [0x000000000315d900+0x117c]
J 983 C1 com.platform.Player.act(F)V (87 bytes) @ 0x00000000030fd9ec [0x00000000030fd940+0xac]
J 1014 C2 com.badlogic.gdx.scenes.scene2d.Stage.act(F)V (236 bytes) @ 0x000000000311fb1c [0x000000000311f800+0x31c]
J 975 C1 com.platform.GameStage.act(F)V (112 bytes) @ 0x00000000030f76ac [0x00000000030f7620+0x8c]
J 971 C1 com.platform.PlatformGame.render()V (46 bytes) @ 0x00000000030fa3fc [0x00000000030f9900+0xafc]
j  com.badlogic.gdx.backends.lwjgl.LwjglApplication.mainLoop()V+698
j  com.badlogic.gdx.backends.lwjgl.LwjglApplication$1.run()V+27
v  ~StubRoutines::call_stub

---------------  P R O C E S S  ---------------

Java Threads: ( => current thread )
  0x000000001740e800 JavaThread "LWJGL Timer" daemon [_thread_blocked, id=11308, stack(0x000000001fc40000,0x000000001fd40000)]
  0x00000000175aa000 JavaThread "Timer" daemon [_thread_blocked, id=4520, stack(0x000000001f940000,0x000000001fa40000)]
  0x0000000002c44000 JavaThread "DestroyJavaVM" [_thread_blocked, id=10680, stack(0x00000000028b0000,0x00000000029b0000)]
=>0x000000001709e800 JavaThread "LWJGL Application" [_thread_in_native, id=5588, stack(0x0000000017df0000,0x0000000017ef0000)]
  0x0000000016601800 JavaThread "Service Thread" daemon [_thread_blocked, id=5616, stack(0x0000000016c60000,0x0000000016d60000)]
  0x0000000016587800 JavaThread "C1 CompilerThread2" daemon [_thread_blocked, id=11724, stack(0x0000000016b60000,0x0000000016c60000)]
  0x0000000016587000 JavaThread "C2 CompilerThread1" daemon [_thread_blocked, id=988, stack(0x0000000016a60000,0x0000000016b60000)]
  0x0000000016586000 JavaThread "C2 CompilerThread0" daemon [_thread_blocked, id=11360, stack(0x0000000016960000,0x0000000016a60000)]
  0x0000000014f6d000 JavaThread "Monitor Ctrl-Break" daemon [_thread_in_native, id=11604, stack(0x0000000016860000,0x0000000016960000)]
  0x0000000014f0d800 JavaThread "Attach Listener" daemon [_thread_blocked, id=1048, stack(0x0000000016360000,0x0000000016460000)]
  0x0000000014f0c800 JavaThread "Signal Dispatcher" daemon [_thread_blocked, id=3260, stack(0x0000000016260000,0x0000000016360000)]
  0x0000000002d3e800 JavaThread "Finalizer" daemon [_thread_blocked, id=7232, stack(0x0000000016160000,0x0000000016260000)]
  0x0000000002d33000 JavaThread "Reference Handler" daemon [_thread_blocked, id=6288, stack(0x0000000016060000,0x0000000016160000)]

Other Threads:
  0x0000000014ed8000 VMThread [stack: 0x0000000015f60000,0x0000000016060000] [id=9076]
  0x0000000016686800 WatcherThread [stack: 0x0000000016d60000,0x0000000016e60000] [id=7300]

VM state:not at safepoint (normal execution)

VM Mutex/Monitor currently owned by a thread: None

Heap:
 PSYoungGen      total 16896K, used 11614K [0x00000000ed800000, 0x00000000eea80000, 0x0000000100000000)
  eden space 14848K, 64% used [0x00000000ed800000,0x00000000ee15a228,0x00000000ee680000)
  from space 2048K, 99% used [0x00000000ee680000,0x00000000ee87d8b8,0x00000000ee880000)
  to   space 2048K, 0% used [0x00000000ee880000,0x00000000ee880000,0x00000000eea80000)
 ParOldGen       total 38400K, used 406K [0x00000000c8800000, 0x00000000cad80000, 0x00000000ed800000)
  object space 38400K, 1% used [0x00000000c8800000,0x00000000c8865a10,0x00000000cad80000)
 Metaspace       used 8645K, capacity 8793K, committed 9088K, reserved 1056768K
  class space    used 809K, capacity 849K, committed 896K, reserved 1048576K

Card table byte_map: [0x0000000012100000,0x00000000122c0000] byte_map_base: 0x0000000011abc000

Marking Bits: (ParMarkBitMap*) 0x0000000075d3b6d0
 Begin Bits: [0x00000000127f0000, 0x00000000135d0000)
 End Bits:   [0x00000000135d0000, 0x00000000143b0000)

Polling page: 0x0000000002850000

CodeCache: size=245760Kb used=4248Kb max_used=4248Kb free=241511Kb
 bounds [0x0000000002d40000, 0x0000000003170000, 0x0000000011d40000]
 total_blobs=1557 nmethods=1081 adapters=390
 compilation: enabled

Compilation events (10 events):
Event: 36.980 Thread 0x0000000016586000 1074       4       com.badlogic.gdx.scenes.scene2d.ui.Widget::invalidateHierarchy (34 bytes)
Event: 36.980 Thread 0x0000000016587000 1075       4       com.badlogic.gdx.scenes.scene2d.ui.Label::invalidate (10 bytes)
Event: 36.981 Thread 0x0000000016587000 nmethod 1075 0x000000000314ce50 code [0x000000000314cf80, 0x000000000314cfd8]
Event: 36.983 Thread 0x0000000016586000 nmethod 1074 0x0000000003168a10 code [0x0000000003168b60, 0x0000000003168c58]
Event: 37.464 Thread 0x0000000016587000 1077       4       com.badlogic.gdx.graphics.g2d.Sprite::setSize (131 bytes)
Event: 37.468 Thread 0x0000000016587000 nmethod 1077 0x0000000003167190 code [0x0000000003167300, 0x00000000031674b8]
Event: 38.752 Thread 0x0000000016587800 1078       3       com.badlogic.gdx.utils.ObjectMap$MapIterator::findNextIndex (62 bytes)
Event: 38.753 Thread 0x0000000016587800 nmethod 1078 0x0000000003165cd0 code [0x0000000003165e40, 0x00000000031660b0]
Event: 38.761 Thread 0x0000000016587800 1081  s!   3       com.badlogic.gdx.assets.AssetManager::update (104 bytes)
Event: 38.763 Thread 0x0000000016587800 nmethod 1081 0x000000000316a390 code [0x000000000316a580, 0x000000000316b528]

GC Heap History (2 events):
Event: 3.454 GC heap before
{Heap before GC invocations=1 (full 0):
 PSYoungGen      total 16896K, used 14848K [0x00000000ed800000, 0x00000000eea80000, 0x0000000100000000)
  eden space 14848K, 100% used [0x00000000ed800000,0x00000000ee680000,0x00000000ee680000)
  from space 2048K, 0% used [0x00000000ee880000,0x00000000ee880000,0x00000000eea80000)
  to   space 2048K, 0% used [0x00000000ee680000,0x00000000ee680000,0x00000000ee880000)
 ParOldGen       total 38400K, used 0K [0x00000000c8800000, 0x00000000cad80000, 0x00000000ed800000)
  object space 38400K, 0% used [0x00000000c8800000,0x00000000c8800000,0x00000000cad80000)
 Metaspace       used 6608K, capacity 6707K, committed 6912K, reserved 1056768K
  class space    used 650K, capacity 688K, committed 768K, reserved 1048576K
Event: 3.464 GC heap after
Heap after GC invocations=1 (full 0):
 PSYoungGen      total 16896K, used 2038K [0x00000000ed800000, 0x00000000eea80000, 0x0000000100000000)
  eden space 14848K, 0% used [0x00000000ed800000,0x00000000ed800000,0x00000000ee680000)
  from space 2048K, 99% used [0x00000000ee680000,0x00000000ee87d8b8,0x00000000ee880000)
  to   space 2048K, 0% used [0x00000000ee880000,0x00000000ee880000,0x00000000eea80000)
 ParOldGen       total 38400K, used 406K [0x00000000c8800000, 0x00000000cad80000, 0x00000000ed800000)
  object space 38400K, 1% used [0x00000000c8800000,0x00000000c8865a10,0x00000000cad80000)
 Metaspace       used 6608K, capacity 6707K, committed 6912K, reserved 1056768K
  class space    used 650K, capacity 688K, committed 768K, reserved 1048576K
}

Deoptimization events (10 events):
Event: 4.505 Thread 0x000000001709e800 Uncommon trap: reason=class_check action=maybe_recompile pc=0x0000000002ff567c method=com.badlogic.gdx.assets.AssetLoadingTask.handleAsyncLoader()V @ 4
Event: 4.506 Thread 0x000000001709e800 Uncommon trap: reason=class_check action=maybe_recompile pc=0x0000000002ff567c method=com.badlogic.gdx.assets.AssetLoadingTask.handleAsyncLoader()V @ 4
Event: 4.506 Thread 0x000000001709e800 Uncommon trap: reason=class_check action=maybe_recompile pc=0x0000000002ff567c method=com.badlogic.gdx.assets.AssetLoadingTask.handleAsyncLoader()V @ 4
Event: 18.447 Thread 0x000000001709e800 Uncommon trap: reason=unstable_if action=reinterpret pc=0x0000000003127398 method=com.platform.Player.handleMovement()V @ 740
Event: 23.781 Thread 0x000000001709e800 Uncommon trap: reason=unstable_if action=reinterpret pc=0x000000000311e47c method=com.badlogic.gdx.graphics.g2d.Sprite.translate(FF)V @ 24
Event: 23.781 Thread 0x000000001709e800 Uncommon trap: reason=unstable_if action=reinterpret pc=0x0000000003124174 method=com.badlogic.gdx.graphics.g2d.Sprite.setSize(FF)V @ 14
Event: 23.781 Thread 0x000000001709e800 Uncommon trap: reason=unstable_if action=reinterpret pc=0x000000000311e19c method=com.badlogic.gdx.graphics.g2d.Sprite.getVertices()[F @ 4
Event: 33.147 Thread 0x000000001709e800 Uncommon trap: reason=unstable_if action=reinterpret pc=0x0000000003153408 method=com.platform.Player.handleMovement()V @ 290
Event: 38.747 Thread 0x000000001709e800 Uncommon trap: reason=unstable_if action=reinterpret pc=0x00000000030ca3ec method=java.lang.StrictMath.floorOrCeil(DDDD)D @ 115
Event: 38.748 Thread 0x000000001709e800 Uncommon trap: reason=null_check action=make_not_entrant pc=0x00000000031237e0 method=com.badlogic.gdx.utils.ObjectMap.get(Ljava/lang/Object;)Ljava/lang/Object; @ 38

Internal exceptions (10 events):
Event: 1.338 Thread 0x0000000002c44000 Exception <a 'java/security/PrivilegedActionException'> (0x00000000edf2fc90) thrown at [C:\re\workspace\8-2-build-windows-amd64-cygwin\jdk8u121\8372\hotspot\src\share\vm\prims\jvm.cpp, line 1390]
Event: 1.340 Thread 0x0000000002c44000 Exception <a 'java/security/PrivilegedActionException'> (0x00000000edf33ba0) thrown at [C:\re\workspace\8-2-build-windows-amd64-cygwin\jdk8u121\8372\hotspot\src\share\vm\prims\jvm.cpp, line 1390]
Event: 1.340 Thread 0x0000000002c44000 Exception <a 'java/security/PrivilegedActionException'> (0x00000000edf33db0) thrown at [C:\re\workspace\8-2-build-windows-amd64-cygwin\jdk8u121\8372\hotspot\src\share\vm\prims\jvm.cpp, line 1390]
Event: 1.940 Thread 0x0000000002c44000 Exception <a 'java/security/PrivilegedActionException'> (0x00000000ee1c92e0) thrown at [C:\re\workspace\8-2-build-windows-amd64-cygwin\jdk8u121\8372\hotspot\src\share\vm\prims\jvm.cpp, line 1390]
Event: 1.940 Thread 0x0000000002c44000 Exception <a 'java/security/PrivilegedActionException'> (0x00000000ee1caf78) thrown at [C:\re\workspace\8-2-build-windows-amd64-cygwin\jdk8u121\8372\hotspot\src\share\vm\prims\jvm.cpp, line 1390]
Event: 1.941 Thread 0x0000000002c44000 Exception <a 'java/security/PrivilegedActionException'> (0x00000000ee1cc0e8) thrown at [C:\re\workspace\8-2-build-windows-amd64-cygwin\jdk8u121\8372\hotspot\src\share\vm\prims\jvm.cpp, line 1390]
Event: 1.942 Thread 0x0000000002c44000 Exception <a 'java/security/PrivilegedActionException'> (0x00000000ee1d1628) thrown at [C:\re\workspace\8-2-build-windows-amd64-cygwin\jdk8u121\8372\hotspot\src\share\vm\prims\jvm.cpp, line 1390]
Event: 1.942 Thread 0x0000000002c44000 Exception <a 'java/security/PrivilegedActionException'> (0x00000000ee1d2280) thrown at [C:\re\workspace\8-2-build-windows-amd64-cygwin\jdk8u121\8372\hotspot\src\share\vm\prims\jvm.cpp, line 1390]
Event: 1.942 Thread 0x0000000002c44000 Exception <a 'java/security/PrivilegedActionException'> (0x00000000ee1d2ea8) thrown at [C:\re\workspace\8-2-build-windows-amd64-cygwin\jdk8u121\8372\hotspot\src\share\vm\prims\jvm.cpp, line 1390]
Event: 38.748 Thread 0x000000001709e800 Implicit null exception at 0x00000000031235c1 to 0x00000000031237c9

Events (10 events):
Event: 38.749 loading class com/badlogic/gdx/utils/ObjectSet$ObjectSetIterator done
Event: 38.753 loading class java/util/HashMap$KeySet
Event: 38.753 loading class java/util/HashMap$KeySet done
Event: 38.754 loading class java/util/HashMap$KeyIterator
Event: 38.754 loading class java/util/HashMap$KeyIterator done
Event: 38.754 Thread 0x000000001704a000 Thread exited: 0x000000001704a000
Event: 38.754 loading class com/platform/Anim
Event: 38.754 loading class com/platform/Anim done
Event: 38.761 loading class com/badlogic/gdx/backends/lwjgl/LwjglApplication$2
Event: 38.762 loading class com/badlogic/gdx/backends/lwjgl/LwjglApplication$2 done


Dynamic libraries:
0x00007ff740470000 - 0x00007ff7404a7000 	C:\Program Files\Java\jdk1.8.0_121\bin\java.exe
0x00007ffe01e10000 - 0x00007ffe01feb000 	C:\Windows\SYSTEM32\ntdll.dll
0x00007ffe01570000 - 0x00007ffe0161e000 	C:\Windows\System32\KERNEL32.DLL
0x00007ffdfe770000 - 0x00007ffdfe9b9000 	C:\Windows\System32\KERNELBASE.dll
0x00007ffe013b0000 - 0x00007ffe01451000 	C:\Windows\System32\ADVAPI32.dll
0x00007ffe01630000 - 0x00007ffe016cd000 	C:\Windows\System32\msvcrt.dll
0x00007ffdff960000 - 0x00007ffdff9b9000 	C:\Windows\System32\sechost.dll
0x00007ffe01b50000 - 0x00007ffe01c75000 	C:\Windows\System32\RPCRT4.dll
0x00007ffe016d0000 - 0x00007ffe0181a000 	C:\Windows\System32\USER32.dll
0x00007ffdfe9c0000 - 0x00007ffdfe9de000 	C:\Windows\System32\win32u.dll
0x00007ffe00fb0000 - 0x00007ffe00fd7000 	C:\Windows\System32\GDI32.dll
0x00007ffdff1e0000 - 0x00007ffdff368000 	C:\Windows\System32\gdi32full.dll
0x00007ffdfe560000 - 0x00007ffdfe5fa000 	C:\Windows\System32\msvcp_win.dll
0x00007ffdfe600000 - 0x00007ffdfe6f6000 	C:\Windows\System32\ucrtbase.dll
0x00007ffdf3e60000 - 0x00007ffdf40c7000 	C:\Windows\WinSxS\amd64_microsoft.windows.common-controls_6595b64144ccf1df_6.0.15063.483_none_26002d27e7c744a2\COMCTL32.dll
0x00007ffe01850000 - 0x00007ffe01b49000 	C:\Windows\System32\combase.dll
0x00007ffdfe700000 - 0x00007ffdfe76a000 	C:\Windows\System32\bcryptPrimitives.dll
0x00007ffe01de0000 - 0x00007ffe01e0d000 	C:\Windows\System32\IMM32.DLL
0x0000000076220000 - 0x00000000762f2000 	C:\Program Files\Java\jdk1.8.0_121\jre\bin\msvcr100.dll
0x0000000075520000 - 0x0000000075dbb000 	C:\Program Files\Java\jdk1.8.0_121\jre\bin\server\jvm.dll
0x00007ffe01820000 - 0x00007ffe01828000 	C:\Windows\System32\PSAPI.DLL
0x00007ffdfac20000 - 0x00007ffdfac29000 	C:\Windows\SYSTEM32\WSOCK32.dll
0x00007ffe00ec0000 - 0x00007ffe00f2c000 	C:\Windows\System32\WS2_32.dll
0x00007ffdfc4a0000 - 0x00007ffdfc4c3000 	C:\Windows\SYSTEM32\WINMM.dll
0x00007ffdf9780000 - 0x00007ffdf978a000 	C:\Windows\SYSTEM32\VERSION.dll
0x00007ffdfc470000 - 0x00007ffdfc49b000 	C:\Windows\SYSTEM32\winmmbase.dll
0x00007ffdfe9e0000 - 0x00007ffdfea29000 	C:\Windows\System32\cfgmgr32.dll
0x0000000050060000 - 0x000000005006f000 	C:\Program Files\Java\jdk1.8.0_121\jre\bin\verify.dll
0x00000000761f0000 - 0x0000000076219000 	C:\Program Files\Java\jdk1.8.0_121\jre\bin\java.dll
0x00000000761c0000 - 0x00000000761e3000 	C:\Program Files\Java\jdk1.8.0_121\jre\bin\instrument.dll
0x0000000050040000 - 0x0000000050056000 	C:\Program Files\Java\jdk1.8.0_121\jre\bin\zip.dll
0x00007ffdffa80000 - 0x00007ffe00eb6000 	C:\Windows\System32\SHELL32.dll
0x00007ffe00fe0000 - 0x00007ffe0108a000 	C:\Windows\System32\shcore.dll
0x00007ffdfeae0000 - 0x00007ffdff1d3000 	C:\Windows\System32\windows.storage.dll
0x00007ffe01c80000 - 0x00007ffe01cd1000 	C:\Windows\System32\shlwapi.dll
0x00007ffdfe2a0000 - 0x00007ffdfe2b1000 	C:\Windows\System32\kernel.appcore.dll
0x00007ffdfe2e0000 - 0x00007ffdfe32c000 	C:\Windows\System32\powrprof.dll
0x00007ffdfe2c0000 - 0x00007ffdfe2d5000 	C:\Windows\System32\profapi.dll
0x00007ffdeda20000 - 0x00007ffdeda3a000 	C:\Program Files (x86)\JetBrains\IntelliJ IDEA Community Edition 2017.1\bin\breakgen64.dll
0x00000000761a0000 - 0x00000000761ba000 	C:\Program Files\Java\jdk1.8.0_121\jre\bin\net.dll
0x00007ffdfdb30000 - 0x00007ffdfdb8c000 	C:\Windows\system32\mswsock.dll
0x0000000065580000 - 0x0000000065616000 	C:\Users\jnich\AppData\Local\Temp\libgdxjnich\e56f415b\gdx64.dll
0x00007ffdfdcd0000 - 0x00007ffdfdce7000 	C:\Windows\SYSTEM32\CRYPTSP.dll
0x00007ffdfd750000 - 0x00007ffdfd784000 	C:\Windows\system32\rsaenh.dll
0x00007ffdfe0b0000 - 0x00007ffdfe0d5000 	C:\Windows\SYSTEM32\bcrypt.dll
0x00007ffdfe1b0000 - 0x00007ffdfe1d9000 	C:\Windows\SYSTEM32\USERENV.dll
0x00007ffdfdcf0000 - 0x00007ffdfdcfb000 	C:\Windows\SYSTEM32\CRYPTBASE.dll
0x00007ffdfd8d0000 - 0x00007ffdfd907000 	C:\Windows\SYSTEM32\IPHLPAPI.DLL
0x00007ffdff950000 - 0x00007ffdff958000 	C:\Windows\System32\NSI.dll
0x00007ffdf77f0000 - 0x00007ffdf7806000 	C:\Windows\SYSTEM32\dhcpcsvc6.DLL
0x00007ffdf7e20000 - 0x00007ffdf7e3a000 	C:\Windows\SYSTEM32\dhcpcsvc.DLL
0x0000000076180000 - 0x0000000076191000 	C:\Program Files\Java\jdk1.8.0_121\jre\bin\nio.dll
0x0000000180000000 - 0x0000000180053000 	C:\Users\jnich\AppData\Local\Temp\libgdxjnich\dc0f0009\lwjgl64.dll
0x00007ffdcd4a0000 - 0x00007ffdcd5c1000 	C:\Windows\SYSTEM32\OPENGL32.dll
0x00007ffde68a0000 - 0x00007ffde68cc000 	C:\Windows\SYSTEM32\GLU32.dll
0x00000000179a0000 - 0x0000000017a04000 	C:\Users\jnich\AppData\Local\Temp\libgdxjnich\dc0f0009\OpenAL64.dll
0x00007ffe01260000 - 0x00007ffe013a5000 	C:\Windows\System32\ole32.dll
0x00007ffdfcac0000 - 0x00007ffdfcb55000 	C:\Windows\system32\uxtheme.dll
0x00007ffdec430000 - 0x00007ffdec4d1000 	C:\Program Files\Common Files\microsoft shared\ink\tiptsf.dll
0x00007ffdff9c0000 - 0x00007ffdffa80000 	C:\Windows\System32\OLEAUT32.dll
0x00007ffe01d40000 - 0x00007ffe01dde000 	C:\Windows\System32\clbcatq.dll
0x00007ffdfb320000 - 0x00007ffdfb4b6000 	C:\Windows\System32\PROPSYS.dll
0x00007ffded950000 - 0x00007ffded9dc000 	C:\Windows\SYSTEM32\dsound.dll
0x00007ffdf7510000 - 0x00007ffdf7577000 	C:\Windows\System32\MMDevApi.dll
0x00007ffdfcee0000 - 0x00007ffdfcf08000 	C:\Windows\System32\DEVOBJ.dll
0x00007ffdf6a90000 - 0x00007ffdf6b95000 	C:\Windows\SYSTEM32\AUDIOSES.DLL
0x00007ffdfa820000 - 0x00007ffdfa959000 	C:\Windows\SYSTEM32\wintypes.dll
0x00007ffdfa3b0000 - 0x00007ffdfa3bb000 	C:\Windows\SYSTEM32\AVRT.dll
0x00007ffe01090000 - 0x00007ffe011f6000 	C:\Windows\System32\MSCTF.dll
0x00007ffdfb4f0000 - 0x00007ffdfb51a000 	C:\Windows\system32\dwmapi.dll
0x00007ffdf68f0000 - 0x00007ffdf6972000 	C:\Windows\System32\TextInputFramework.dll
0x00007ffdf9d60000 - 0x00007ffdfa032000 	C:\Windows\System32\CoreUIComponents.dll
0x00007ffdfc1f0000 - 0x00007ffdfc2d3000 	C:\Windows\System32\CoreMessaging.dll
0x00007ffdfd490000 - 0x00007ffdfd4c1000 	C:\Windows\SYSTEM32\ntmarta.dll
0x00007ffdfb0b0000 - 0x00007ffdfb0c5000 	C:\Windows\SYSTEM32\usermgrcli.dll
0x00007ffde7f60000 - 0x00007ffde7f89000 	C:\Windows\System32\DriverStore\FileRepository\c0313676.inf_amd64_96bbc33bec5c7fae\atig6pxx.dll
0x00000000733c0000 - 0x000000007542e000 	C:\Windows\System32\DriverStore\FileRepository\c0313676.inf_amd64_96bbc33bec5c7fae\atio6axx.dll
0x00007ffdff370000 - 0x00007ffdff7ab000 	C:\Windows\System32\SETUPAPI.dll
0x00007ffdd9a70000 - 0x00007ffdd9a92000 	C:\Windows\SYSTEM32\dxva2.dll
0x00007ffddf0a0000 - 0x00007ffddf0dd000 	C:\Windows\System32\DriverStore\FileRepository\c0313676.inf_amd64_96bbc33bec5c7fae\atig6txx.dll
0x00007ffddd370000 - 0x00007ffddd4ed000 	C:\Windows\SYSTEM32\atiadlxx.dll
0x00007ffdfb300000 - 0x00007ffdfb313000 	C:\Windows\SYSTEM32\WTSAPI32.dll
0x00007ffdfe500000 - 0x00007ffdfe556000 	C:\Windows\System32\WINTRUST.dll
0x00007ffdfe280000 - 0x00007ffdfe291000 	C:\Windows\System32\MSASN1.dll
0x00007ffdfe330000 - 0x00007ffdfe4f9000 	C:\Windows\System32\CRYPT32.dll
0x00007ffdf5c70000 - 0x00007ffdf5d03000 	C:\Windows\SYSTEM32\mscms.dll
0x00007ffddcab0000 - 0x00007ffddcaf1000 	C:\Windows\SYSTEM32\icm32.dll
0x00007ffdf58f0000 - 0x00007ffdf5ab5000 	C:\Windows\System32\uiautomationcore.dll
0x00007ffdfe0e0000 - 0x00007ffdfe17a000 	C:\Windows\SYSTEM32\sxs.dll
0x00007ffdf3850000 - 0x00007ffdf38bb000 	C:\Windows\System32\OLEACC.dll
0x0000000068900000 - 0x0000000068a54000 	C:\Users\jnich\AppData\Local\Temp\libgdxjnich\2f3bc4d7\gdx-controllers-desktop64.dll
0x00007ffdde4c0000 - 0x00007ffdde502000 	C:\Windows\SYSTEM32\DINPUT8.dll
0x00007ffdfd140000 - 0x00007ffdfd14d000 	C:\Windows\SYSTEM32\HID.DLL
0x00007ffdef390000 - 0x00007ffdef539000 	C:\Windows\SYSTEM32\dbghelp.dll

VM Arguments:
jvm_args: -javaagent:C:\Program Files (x86)\JetBrains\IntelliJ IDEA Community Edition 2017.1\lib\idea_rt.jar=56039:C:\Program Files (x86)\JetBrains\IntelliJ IDEA Community Edition 2017.1\bin -Dfile.encoding=UTF-8 
java_command: com.platform.desktop.DesktopLauncher
java_class_path (initial): C:\Program Files\Java\jdk1.8.0_121\jre\lib\charsets.jar;C:\Program Files\Java\jdk1.8.0_121\jre\lib\deploy.jar;C:\Program Files\Java\jdk1.8.0_121\jre\lib\ext\access-bridge-64.jar;C:\Program Files\Java\jdk1.8.0_121\jre\lib\ext\cldrdata.jar;C:\Program Files\Java\jdk1.8.0_121\jre\lib\ext\dnsns.jar;C:\Program Files\Java\jdk1.8.0_121\jre\lib\ext\jaccess.jar;C:\Program Files\Java\jdk1.8.0_121\jre\lib\ext\jfxrt.jar;C:\Program Files\Java\jdk1.8.0_121\jre\lib\ext\localedata.jar;C:\Program Files\Java\jdk1.8.0_121\jre\lib\ext\nashorn.jar;C:\Program Files\Java\jdk1.8.0_121\jre\lib\ext\sunec.jar;C:\Program Files\Java\jdk1.8.0_121\jre\lib\ext\sunjce_provider.jar;C:\Program Files\Java\jdk1.8.0_121\jre\lib\ext\sunmscapi.jar;C:\Program Files\Java\jdk1.8.0_121\jre\lib\ext\sunpkcs11.jar;C:\Program Files\Java\jdk1.8.0_121\jre\lib\ext\zipfs.jar;C:\Program Files\Java\jdk1.8.0_121\jre\lib\javaws.jar;C:\Program Files\Java\jdk1.8.0_121\jre\lib\jce.jar;C:\Program Files\Java\jdk1.8.0_121\jre\lib\jfr.jar;C:\Program Files\Java\jdk1.8.0_121\jre\lib\jfxswt.jar;C:\Program Files\Java\jdk1.8.0_121\jre\lib\jsse.jar;C:\Program Files\Java\jdk1.8.0_121\jre\lib\management-agent.jar;C:\Program Files\Java\jdk1.8.0_121\jre\lib\plugin.jar;C:\Program Files\Java\jdk1.8.0_121\jre\lib\resources.jar;C:\Program Files\Java\jdk1.8.0_121\jre\lib\rt.jar;C:\Users\jnich\Desktop\ScarePlatformer\desktop\build\classes\main;C:\Users\jnich\Desktop\ScarePlatformer\core\build\classes\main;C:\Users\jnich\.gradle\caches\modules-2\files-2.1\com.badlogicgames.gdx\gdx-backend-lwjgl\1.9.3\88bc98f6155e1f63462ba03622ffaf25557dccc0\gdx-backend-lwjgl-1.9.3.jar;C:\Users\jnich\.gradle\caches\modules-2\files-2.1\com.badlogicgames.gdx\gdx-platform\1.9.3\56b040cddca30bd248c8453863f71bad77adb107\gdx-platform-1.9.3-natives-desktop.jar;C:\Users\jnich\.gradle\caches\modules-2\files-2.1\com.badlogicgames.gdx\gdx-box2d-platform\1.9.3\f8b223142c03314b27fc89c04cb105a8902cf58b\gdx-box2d-platform-1.9.3-natives-desktop.jar;C
Launcher Type: SUN_STANDARD

Environment Variables:
PATH=C:\ProgramData\Oracle\Java\javapath;C:\Windows\system32;C:\Windows;C:\Windows\System32\Wbem;C:\Windows\System32\WindowsPowerShell\v1.0\;C:\Users\jnich\AppData\Local\Microsoft\WindowsApps;
USERNAME=jnich
OS=Windows_NT
PROCESSOR_IDENTIFIER=AMD64 Family 22 Model 0 Stepping 1, AuthenticAMD



---------------  S Y S T E M  ---------------

OS: Windows 10.0 , 64 bit Build 15063 (10.0.15063.296)

CPU:total 4 (4 cores per cpu, 1 threads per core) family 22 model 0 stepping 1, cmov, cx8, fxsr, mmx, sse, sse2, sse3, ssse3, sse4.1, sse4.2, popcnt, avx, aes, clmul, mmxext, 3dnowpref, lzcnt, sse4a, tsc, tscinvbit, tscinv, bmi1

Memory: 4k page, physical 3633096k(706240k free), swap 6909896k(1538660k free)

vm_info: Java HotSpot(TM) 64-Bit Server VM (25.121-b13) for windows-amd64 JRE (1.8.0_121-b13), built on Dec 12 2016 18:21:36 by "java_re" with MS VC++ 10.0 (VS2010)

time: Wed Oct 11 11:40:43 2017
elapsed time: 38 seconds (0d 0h 0m 38s)

